"Start of log file."
"C:/Users/Gaspo/Desktop/4VIEWU~1/4VIEW-~1/Assets/Objetos/nafta.max"
"Starting max loading and fbx conversion"
window = undefined
"Settings units"
"Before fbx export"
"After fbx export"
"Finished max loading and fbx conversion"
"C:/Users/Gaspo/Desktop/4VIEWU~1/4VIEW-~1/Assets/Objetos/auto.max"
"Starting max loading and fbx conversion"
window = undefined
"Settings units"
"Before fbx export"
"After fbx export"
"Finished max loading and fbx conversion"
"C:/Users/Gaspo/Desktop/4VIEWU~1/4VIEW-~1/Assets/Objetos/AUDI05~1.MAX"
"Starting max loading and fbx conversion"
window = undefined
"Settings units"
"Before fbx export"
"After fbx export"
"Finished max loading and fbx conversion"
